This is pdfTeXk, Version 3.141592-1.40.3 (Web2C 7.5.6) (format=pdfcslatex 2010.3.26)  29 MAR 2010 21:09
entering extended mode
 %&-line parsing enabled.
**q
(/usr/share/texmf/tex/latex/tools/q.tex
LaTeX2e <2005/12/01>
Loading CZ hyphenation patterns: Pavel Sevecek, v3, 1995
Loading SK hyphenation patterns: Jana Chlebikova, 1992 File ignored
)
! Emergency stop.
<*> q
     
*** (job aborted, no legal \end found)

 
Here is how much of TeX's memory you used:
 6 strings out of 257103
 212 string characters out of 1932135
 45863 words of memory out of 1500000
 3402 multiletter control sequences out of 10000+200000
 3640 words of font info for 14 fonts, out of 1200000 for 2000
 24 hyphenation exceptions out of 8191
 5i,0n,1p,86b,8s stack positions out of 5000i,500n,6000p,200000b,15000s
!  ==> Fatal error occurred, no output PDF file produced!
